<?xml version="1.0" encoding="UTF-8" ?>
<testsuite tests="3" failures="0" name="mavenRunner.RunCukesTest" time="0.023" errors="0" skipped="3">
  <properties>
[...]
</properties>
  <testcase classname="Demo Feature" name="Demonstrating how Cucumber-JVM works" time="0.007">
    <skipped/>
  </testcase>
  <testcase classname="Demo Feature" name="Demonstrating how Cucumber-JVM works" time="0.008">
    <skipped/>
  </testcase>
  <testcase classname="Demo Feature" name="Demonstrating how Cucumber-JVM works" time="0.008">
    <skipped/>
  </testcase>
</testsuite>